1699887540888	geckodriver	INFO	Listening on 127.0.0.1:55079
1699887543924	mozrunner::runner	INFO	Running command: "C:\\Program Files\\Mozilla Firefox\\firefox.exe" "--marionette" "--remote-debugging-port" "55080" "--remote-allow-hosts" "localhost" "-no-remote" "-profile" "C:\\Users\\CLEITO~1\\AppData\\Local\\Temp\\rust_mozprofilezjm51D"
console.warn: services.settings: Ignoring preference override of remote settings server
console.warn: services.settings: Allow by setting MOZ_REMOTE_SETTINGS_DEVTOOLS=1 in the environment
1699887544302	Marionette	INFO	Marionette enabled
Dynamically enable window occlusion 0
1699887544393	Marionette	INFO	Listening on port 55089
WebDriver BiDi listening on ws://127.0.0.1:55080
Read port: 55089
1699887544572	RemoteAgent	WARN	TLS certificate errors will be ignored for this session
DevTools listening on ws://127.0.0.1:55080/devtools/browser/21128f28-65bc-4311-be3c-d29a5761935f
JavaScript warning: https://meumb.mercantil.com.br/ruxitagentjs_ICA2NVfgqru_10277231024135831.js, line 169: Script terminated by timeout at:
be@https://meumb.mercantil.com.br/ruxitagentjs_ICA2NVfgqru_10277231024135831.js:169:369
$g@https://meumb.mercantil.com.br/ruxitagentjs_ICA2NVfgqru_10277231024135831.js:168:438

1699887551126	Marionette	INFO	Stopped listening on port 55089
Dynamically enable window occlusion 1
1699887611637	geckodriver	INFO	Listening on 127.0.0.1:55264
1699887614705	mozrunner::runner	INFO	Running command: "C:\\Program Files\\Mozilla Firefox\\firefox.exe" "--marionette" "--remote-debugging-port" "55265" "--remote-allow-hosts" "localhost" "-no-remote" "-profile" "C:\\Users\\CLEITO~1\\AppData\\Local\\Temp\\rust_mozprofileJGiZpn"
console.warn: services.settings: Ignoring preference override of remote settings server
console.warn: services.settings: Allow by setting MOZ_REMOTE_SETTINGS_DEVTOOLS=1 in the environment
1699887614991	Marionette	INFO	Marionette enabled
Dynamically enable window occlusion 0
1699887615078	Marionette	INFO	Listening on port 55277
WebDriver BiDi listening on ws://127.0.0.1:55265
Read port: 55277
1699887615244	RemoteAgent	WARN	TLS certificate errors will be ignored for this session
DevTools listening on ws://127.0.0.1:55265/devtools/browser/597399fc-fca4-49e8-84d5-08aeb067b82e
1699887646256	addons.xpi	ERROR	System addon update list error SyntaxError: XMLHttpRequest.open: 'http://%(server)s/dummy-system-addons.xml' is not a valid URL.
console.warn: "Listener for event 'frame' did not return a promise."
console.warn: "Listener for event 'frame' did not return a promise."
console.warn: "Listener for event 'frame' did not return a promise."
console.warn: "Listener for event 'frame' did not return a promise."
console.warn: "Listener for event 'frame' did not return a promise."
console.warn: "Listener for event 'frame' did not return a promise."
console.warn: "Listener for event 'frame' did not return a promise."
console.warn: "Listener for event 'frame' did not return a promise."
console.warn: "Listener for event 'frame' did not return a promise."
console.warn: "Listener for event 'frame' did not return a promise."
console.warn: "Listener for event 'frame' did not return a promise."
console.warn: "Listener for event 'frame' did not return a promise."
Shutting down due to socket process crash.
JavaScript error: resource:///modules/sessionstore/SessionStore.sys.mjs, line 2542: TypeError: subject.QueryInterface is not a function
A content process crashed and MOZ_CRASHREPORTER_SHUTDOWN is set, shutting down
ning: https://meumb.mercantil.com.br/ruxitagentjs_ICA2NVfgqru_10277231024135831.js, line 169: Script terminated by timeout at:
be@https://meumb.mercantil.com.br/ruxitagentjs_ICA2NVfgqru_10277231024135831.js:169:369
$g@https://meumb.mercantil.com.br/ruxitagentjs_ICA2NVfgqru_10277231024135831.js:168:438

1699893641040	Marionette	INFO	Stopped listening on port 55419
Dynamically enable window occlusion 1
1699893984089	geckodriver	INFO	Listening on 127.0.0.1:57354
1699893987118	mozrunner::runner	INFO	Running command: "C:\\Program Files\\Mozilla Firefox\\firefox.exe" "--marionette" "--remote-debugging-port" "57355" "--remote-allow-hosts" "localhost" "-no-remote" "-profile" "C:\\Users\\CLEITO~1\\AppData\\Local\\Temp\\rust_mozprofilehpCx1z"
console.warn: services.settings: Ignoring preference override of remote settings server
console.warn: services.settings: Allow by setting MOZ_REMOTE_SETTINGS_DEVTOOLS=1 in the environment
1699893987444	Marionette	INFO	Marionette enabled
Dynamically enable window occlusion 0
1699893987525	Marionette	INFO	Listening on port 57365
WebDriver BiDi listening on ws://127.0.0.1:57355
Read port: 57365
1699893987680	RemoteAgent	WARN	TLS certificate errors will be ignored for this session
DevTools listening on ws://127.0.0.1:57355/devtools/browser/92fa1a8d-879d-4ce2-8429-5bc51f294da5
1699894017950	addons.xpi	ERROR	System addon update list error SyntaxError: XMLHttpRequest.open: 'http://%(server)s/dummy-system-addons.xml' is not a valid URL.
1699894205706	Marionette	INFO	Stopped listening on port 57365
Dynamically enable window occlusion 1
ng command: "C:\\Program Files\\Mozilla Firefox\\firefox.exe" "--marionette" "--remote-debugging-port" "57443" "--remote-allow-hosts" "localhost" "-no-remote" "-profile" "C:\\Users\\CLEITO~1\\AppData\\Local\\Temp\\rust_mozprofiledlBOdF"
console.warn: services.settings: Ignoring preference override of remote settings server
console.warn: services.settings: Allow by setting MOZ_REMOTE_SETTINGS_DEVTOOLS=1 in the environment
1699894123768	Marionette	INFO	Marionette enabled
Dynamically enable window occlusion 0
1699894123853	Marionette	INFO	Listening on port 57452
WebDriver BiDi listening on ws://127.0.0.1:57443
Read port: 57452
1699894124009	RemoteAgent	WARN	TLS certificate errors will be ignored for this session
DevTools listening on ws://127.0.0.1:57443/devtools/browser/fd80770c-010e-496e-8282-23a345a07f2b
1699894154091	addons.xpi	ERROR	System addon update list error SyntaxError: XMLHttpRequest.open: 'http://%(server)s/dummy-system-addons.xml' is not a valid URL.
1699894207662	Marionette	INFO	Stopped listening on port 57452
Dynamically enable window occlusion 1
ng command: "C:\\Program Files\\Mozilla Firefox\\firefox.exe" "--marionette" "--remote-debugging-port" "57515" "--remote-allow-hosts" "localhost" "-no-remote" "-profile" "C:\\Users\\CLEITO~1\\AppData\\Local\\Temp\\rust_mozprofilePKHveE"
console.warn: services.settings: Ignoring preference override of remote settings server
console.warn: services.settings: Allow by setting MOZ_REMOTE_SETTINGS_DEVTOOLS=1 in the environment
1699894189962	Marionette	INFO	Marionette enabled
Dynamically enable window occlusion 0
1699894190054	Marionette	INFO	Listening on port 57523
WebDriver BiDi listening on ws://127.0.0.1:57515
Read port: 57523
1699894190256	RemoteAgent	WARN	TLS certificate errors will be ignored for this session
DevTools listening on ws://127.0.0.1:57515/devtools/browser/ab26c590-980e-4dd2-af10-a732d57924b4
JavaScript warning: https://meumb.mercantil.com.br/ruxitagentjs_ICA2NVfgqru_10277231024135831.js, line 169: Script terminated by timeout at:
be@https://meumb.mercantil.com.br/ruxitagentjs_ICA2NVfgqru_10277231024135831.js:169:369
$g@https://meumb.mercantil.com.br/ruxitagentjs_ICA2NVfgqru_10277231024135831.js:168:438

1699894208393	Marionette	INFO	Stopped listening on port 57523
Dynamically enable window occlusion 1
1699894332242	geckodriver	INFO	Listening on 127.0.0.1:57639
1699894335301	mozrunner::runner	INFO	Running command: "C:\\Program Files\\Mozilla Firefox\\firefox.exe" "--marionette" "--remote-debugging-port" "57640" "--remote-allow-hosts" "localhost" "-no-remote" "-profile" "C:\\Users\\CLEITO~1\\AppData\\Local\\Temp\\rust_mozprofileODFLOW"
console.warn: services.settings: Ignoring preference override of remote settings server
console.warn: services.settings: Allow by setting MOZ_REMOTE_SETTINGS_DEVTOOLS=1 in the environment
1699894335626	Marionette	INFO	Marionette enabled
Dynamically enable window occlusion 0
1699894335707	Marionette	INFO	Listening on port 57648
WebDriver BiDi listening on ws://127.0.0.1:57640
Read port: 57648
1699894335853	RemoteAgent	WARN	TLS certificate errors will be ignored for this session
DevTools listening on ws://127.0.0.1:57640/devtools/browser/b87db2d6-d7c2-49b3-9562-efd7831cdd06
1699894366167	addons.xpi	ERROR	System addon update list error SyntaxError: XMLHttpRequest.open: 'http://%(server)s/dummy-system-addons.xml' is not a valid URL.
console.warn: LoginRecipes: "Falling back to a synchronous message for: https://meumb.mercantil.com.br."
console.warn: LoginRecipes: "Falling back to a synchronous message for: https://meumb.mercantil.com.br."
console.warn: "Listener for event 'frame' did not return a promise."
console.warn: "Listener for event 'frame' did not return a promise."
console.warn: "Listener for event 'frame' did not return a promise."
JavaScript warning: https://meumb.mercantil.com.br/ruxitagentjs_ICA2NVfgqru_10277231024135831.js, line 169: Script terminated by timeout at:
be@https://meumb.mercantil.com.br/ruxitagentjs_ICA2NVfgqru_10277231024135831.js:169:369
$g@https://meumb.mercantil.com.br/ruxitagentjs_ICA2NVfgqru_10277231024135831.js:168:438

JavaScript error: resource://gre/modules/AsyncShutdown.sys.mjs, line 573: NotFoundError: No such JSWindowActor 'DevToolsFrame'
JavaScript error: resource://gre/modules/AsyncShutdown.sys.mjs, line 573: NotFoundError: No such JSWindowActor 'DevToolsFrame'
JavaScript error: resource://gre/modules/AsyncShutdown.sys.mjs, line 573: NotFoundError: No such JSWindowActor 'DevToolsFrame'
JavaScript error: resource://gre/modules/AsyncShutdown.sys.mjs, line 573: NotFoundError: No such JSWindowActor 'DevToolsFrame'
JavaScript error: resource://gre/modules/AsyncShutdown.sys.mjs, line 573: NotFoundError: No such JSWindowActor 'DevToolsFrame'
JavaScript error: resource://gre/modules/AsyncShutdown.sys.mjs, line 573: NotFoundError: No such JSWindowActor 'DevToolsFrame'
1699898957153	Marionette	INFO	Stopped listening on port 57648
Dynamically enable window occlusion 1
 set, shutting down
JavaScript error: chrome://global/content/elements/browser-custom-element.js, line 1690: Error: permitUnload is already running for this tab.
A content process crashed and MOZ_CRASHREPORTER_SHUTDOWN is set, shutting down
1699895433290	Marionette	INFO	Stopped listening on port 57817
Dynamically enable window occlusion 1
JavaScript error: , line 0: uncaught exception: undefined
A content process crashed and MOZ_CRASHREPORTER_SHUTDOWN is set, shutting down
A content process crashed and MOZ_CRASHREPORTER_SHUTDOWN is set, shutting down
A content process crashed and MOZ_CRASHREPORTER_SHUTDOWN is set, shutting down
07045	RemoteAgent	WARN	TLS certificate errors will be ignored for this session
DevTools listening on ws://127.0.0.1:58116/devtools/browser/bbb6fb31-ad02-49af-a400-92a79d52c5a9
1699895236976	addons.xpi	ERROR	System addon update list error SyntaxError: XMLHttpRequest.open: 'http://%(server)s/dummy-system-addons.xml' is not a valid URL.
JavaScript warning: https://meumb.mercantil.com.br/ruxitagentjs_ICA2NVfgqru_10277231024135831.js, line 169: Script terminated by timeout at:
be@https://meumb.mercantil.com.br/ruxitagentjs_ICA2NVfgqru_10277231024135831.js:169:369
$g@https://meumb.mercantil.com.br/ruxitagentjs_ICA2NVfgqru_10277231024135831.js:168:438

1699898956186	Marionette	INFO	Stopped listening on port 58124
Dynamically enable window occlusion 1
er
console.warn: services.settings: Allow by setting MOZ_REMOTE_SETTINGS_DEVTOOLS=1 in the environment
1699895270760	Marionette	INFO	Marionette enabled
Dynamically enable window occlusion 0
1699895270847	Marionette	INFO	Listening on port 58189
WebDriver BiDi listening on ws://127.0.0.1:58181
Read port: 58189
1699895271011	RemoteAgent	WARN	TLS certificate errors will be ignored for this session
DevTools listening on ws://127.0.0.1:58181/devtools/browser/422aef0b-a417-48b4-b3ef-6133854c81c9
1699895301373	addons.xpi	ERROR	System addon update list error SyntaxError: XMLHttpRequest.open: 'http://%(server)s/dummy-system-addons.xml' is not a valid URL.
A content process crashed and MOZ_CRASHREPORTER_SHUTDOWN is set, shutting down
JavaScript error: resource:///modules/sessionstore/SessionStore.sys.mjs, line 2542: TypeError: subject.QueryInterface is not a function
A content process crashed and MOZ_CRASHREPORTER_SHUTDOWN is set, shutting down
1699895433342	Marionette	INFO	Stopped listening on port 58189
Dynamically enable window occlusion 1
e of remote settings server
console.warn: services.settings: Allow by setting MOZ_REMOTE_SETTINGS_DEVTOOLS=1 in the environment
1699895313915	Marionette	INFO	Marionette enabled
Dynamically enable window occlusion 0
1699895313996	Marionette	INFO	Listening on port 58266
WebDriver BiDi listening on ws://127.0.0.1:58257
Read port: 58266
1699895314161	RemoteAgent	WARN	TLS certificate errors will be ignored for this session
DevTools listening on ws://127.0.0.1:58257/devtools/browser/ccfc0ab1-bc3e-4b08-a7b7-f5ea503cb341
1699895347205	addons.xpi	ERROR	System addon update list error SyntaxError: XMLHttpRequest.open: 'http://%(server)s/dummy-system-addons.xml' is not a valid URL.
Shutting down due to socket process crash.
A content process crashed and MOZ_CRASHREPORTER_SHUTDOWN is set, shutting down
JavaScript error: chrome://global/content/elements/browser-custom-element.js, line 1690: Error: permitUnload is already running for this tab.
1699895465699	geckodriver	INFO	Listening on 127.0.0.1:58430
1699895468758	mozrunner::runner	INFO	Running command: "C:\\Program Files\\Mozilla Firefox\\firefox.exe" "--marionette" "--remote-debugging-port" "58431" "--remote-allow-hosts" "localhost" "-no-remote" "-profile" "C:\\Users\\CLEITO~1\\AppData\\Local\\Temp\\rust_mozprofile4Glujz"
console.warn: services.settings: Ignoring preference override of remote settings server
console.warn: services.settings: Allow by setting MOZ_REMOTE_SETTINGS_DEVTOOLS=1 in the environment
1699895469065	Marionette	INFO	Marionette enabled
Dynamically enable window occlusion 0
1699895469143	Marionette	INFO	Listening on port 58440
WebDriver BiDi listening on ws://127.0.0.1:58431
Read port: 58440
1699895469293	RemoteAgent	WARN	TLS certificate errors will be ignored for this session
DevTools listening on ws://127.0.0.1:58431/devtools/browser/851350ca-3f2c-4dc6-8602-75191926d0ac
1699895499205	addons.xpi	ERROR	System addon update list error SyntaxError: XMLHttpRequest.open: 'http://%(server)s/dummy-system-addons.xml' is not a valid URL.
console.warn: LoginRecipes: "Falling back to a synchronous message for: https://meumb.mercantil.com.br."
console.warn: LoginRecipes: "Falling back to a synchronous message for: https://meumb.mercantil.com.br."
1700478539986	geckodriver	INFO	Listening on 127.0.0.1:50508
1700478542995	mozrunner::runner	INFO	Running command: "C:\\Program Files\\Mozilla Firefox\\firefox.exe" "--marionette" "--remote-debugging-port" "50509" "--remote-allow-hosts" "localhost" "-no-remote" "-profile" "C:\\Users\\CLEITO~1\\AppData\\Local\\Temp\\rust_mozprofileTeHpoU"
console.warn: services.settings: Ignoring preference override of remote settings server
console.warn: services.settings: Allow by setting MOZ_REMOTE_SETTINGS_DEVTOOLS=1 in the environment
1700478543579	Marionette	INFO	Marionette enabled
Dynamically enable window occlusion 0
1700478543713	Marionette	INFO	Listening on port 50521
WebDriver BiDi listening on ws://127.0.0.1:50509
Read port: 50521
1700478543933	RemoteAgent	WARN	TLS certificate errors will be ignored for this session
DevTools listening on ws://127.0.0.1:50509/devtools/browser/5ee3caf0-ab64-45d4-86dd-70ec0fd2af97
JavaScript warning: https://meumb.mercantil.com.br/ruxitagentjs_ICA2NVfgqru_10277231024135831.js, line 198: Script terminated by timeout at:
Gk/Tj<@https://meumb.mercantil.com.br/ruxitagentjs_ICA2NVfgqru_10277231024135831.js:198:436

console.error: (new InvalidStateError("JSWindowActorChild.sendAsyncMessage: JSWindowActorChild cannot send at the moment", (void 0), 565))
console.error: (new InvalidStateError("JSWindowActorChild.sendAsyncMessage: JSWindowActorChild cannot send at the moment", (void 0), 565))
JavaScript error: resource:///modules/FaviconLoader.sys.mjs, line 580: InvalidStateError: JSWindowActorChild.sendAsyncMessage: JSWindowActorChild cannot send at the moment
JavaScript error: resource:///modules/FaviconLoader.sys.mjs, line 580: InvalidStateError: JSWindowActorChild.sendAsyncMessage: JSWindowActorChild cannot send at the moment
1700478548407	Marionette	INFO	Stopped listening on port 50521
Dynamically enable window occlusion 1
1700500102619	geckodriver	INFO	Listening on 127.0.0.1:55803
1700500105663	mozrunner::runner	INFO	Running command: "C:\\Program Files\\Mozilla Firefox\\firefox.exe" "--marionette" "--remote-debugging-port" "55804" "--remote-allow-hosts" "localhost" "-no-remote" "-profile" "C:\\Users\\CLEITO~1\\AppData\\Local\\Temp\\rust_mozprofileNGcsIU"
console.warn: services.settings: Ignoring preference override of remote settings server
console.warn: services.settings: Allow by setting MOZ_REMOTE_SETTINGS_DEVTOOLS=1 in the environment
1700500106164	Marionette	INFO	Marionette enabled
Dynamically enable window occlusion 0
1700500106259	Marionette	INFO	Listening on port 55814
WebDriver BiDi listening on ws://127.0.0.1:55804
Read port: 55814
1700500106469	RemoteAgent	WARN	TLS certificate errors will be ignored for this session
DevTools listening on ws://127.0.0.1:55804/devtools/browser/84e0fe53-7c40-4376-bb98-69fa44b88aaf
console.warn: LoginRecipes: "Falling back to a synchronous message for: https://meumb.mercantil.com.br."
1700500136177	addons.xpi	ERROR	System addon update list error SyntaxError: XMLHttpRequest.open: 'http://%(server)s/dummy-system-addons.xml' is not a valid URL.
1700656027727	geckodriver	INFO	Listening on 127.0.0.1:52918
1700656030765	mozrunner::runner	INFO	Running command: "C:\\Program Files\\Mozilla Firefox\\firefox.exe" "--marionette" "--remote-debugging-port" "52919" "--remote-allow-hosts" "localhost" "-no-remote" "-profile" "C:\\Users\\CLEITO~1\\AppData\\Local\\Temp\\rust_mozprofiles2ALaQ"
console.warn: services.settings: Ignoring preference override of remote settings server
console.warn: services.settings: Allow by setting MOZ_REMOTE_SETTINGS_DEVTOOLS=1 in the environment
1700656031174	Marionette	INFO	Marionette enabled
Dynamically enable window occlusion 0
1700656031270	Marionette	INFO	Listening on port 52928
WebDriver BiDi listening on ws://127.0.0.1:52919
Read port: 52928
1700656031439	RemoteAgent	WARN	TLS certificate errors will be ignored for this session
DevTools listening on ws://127.0.0.1:52919/devtools/browser/b51f4b59-93e1-49b2-b51b-e3a21bd652f3
1700656061980	addons.xpi	ERROR	System addon update list error SyntaxError: XMLHttpRequest.open: 'http://%(server)s/dummy-system-addons.xml' is not a valid URL.
console.warn: LoginRecipes: "Falling back to a synchronous message for: https://meumb.mercantil.com.br."
console.warn: LoginRecipes: "Falling back to a synchronous message for: https://meumb.mercantil.com.br."
JavaScript warning: https://meumb.mercantil.com.br/ruxitagentjs_ICA2NVfgqru_10277231024135831.js, line 169: Script terminated by timeout at:
be@https://meumb.mercantil.com.br/ruxitagentjs_ICA2NVfgqru_10277231024135831.js:169:369
$g@https://meumb.mercantil.com.br/ruxitagentjs_ICA2NVfgqru_10277231024135831.js:168:438

1700656258051	Marionette	INFO	Stopped listening on port 52928
Dynamically enable window occlusion 1
1700656269599	geckodriver	INFO	Listening on 127.0.0.1:52994
1700656272637	mozrunner::runner	INFO	Running command: "C:\\Program Files\\Mozilla Firefox\\firefox.exe" "--marionette" "--remote-debugging-port" "52995" "--remote-allow-hosts" "localhost" "-no-remote" "-profile" "C:\\Users\\CLEITO~1\\AppData\\Local\\Temp\\rust_mozprofilepoClHU"
console.warn: services.settings: Ignoring preference override of remote settings server
console.warn: services.settings: Allow by setting MOZ_REMOTE_SETTINGS_DEVTOOLS=1 in the environment
1700656272920	Marionette	INFO	Marionette enabled
Dynamically enable window occlusion 0
1700656273012	Marionette	INFO	Listening on port 53005
WebDriver BiDi listening on ws://127.0.0.1:52995
Read port: 53005
1700656273183	RemoteAgent	WARN	TLS certificate errors will be ignored for this session
DevTools listening on ws://127.0.0.1:52995/devtools/browser/cf9135fd-182b-4aa1-8a80-fa3382a474ab
1700656303137	addons.xpi	ERROR	System addon update list error SyntaxError: XMLHttpRequest.open: 'http://%(server)s/dummy-system-addons.xml' is not a valid URL.
console.warn: LoginRecipes: "Falling back to a synchronous message for: https://meumb.mercantil.com.br."
console.warn: LoginRecipes: "Falling back to a synchronous message for: https://meumb.mercantil.com.br."
console.warn: "Listener for event 'frame' did not return a promise."
console.warn: "Listener for event 'frame' did not return a promise."
console.warn: "Listener for event 'frame' did not return a promise."
console.warn: "Listener for event 'frame' did not return a promise."
console.error: (new TypeError("parent is null", "resource://devtools/client/inspector/shared/style-change-tracker.js", 67))
TypeError: parent is null: canMutationImpactCurrentStyles@resource://devtools/client/inspector/shared/style-change-tracker.js:67:24
onMutations@resource://devtools/client/inspector/shared/style-change-tracker.js:84:41
_emit@resource://devtools/shared/event-emitter.js:242:32
emit@resource://devtools/shared/event-emitter.js:186:18
emit@resource://devtools/shared/event-emitter.js:330:18
getMutations@resource://devtools/client/fronts/walker.js:309:10

console.error: (new TypeError("parent is null", "resource://devtools/client/inspector/shared/style-change-tracker.js", 67))
TypeError: parent is null: canMutationImpactCurrentStyles@resource://devtools/client/inspector/shared/style-change-tracker.js:67:24
onMutations@resource://devtools/client/inspector/shared/style-change-tracker.js:84:41
_emit@resource://devtools/shared/event-emitter.js:242:32
emit@resource://devtools/shared/event-emitter.js:186:18
emit@resource://devtools/shared/event-emitter.js:330:18
getMutations@resource://devtools/client/fronts/walker.js:309:10

console.warn: "Listener for event 'frame' did not return a promise."
console.warn: "Listener for event 'frame' did not return a promise."
console.warn: "Listener for event 'frame' did not return a promise."
console.warn: "Listener for event 'frame' did not return a promise."
console.warn: "Listener for event 'frame' did not return a promise."
console.warn: "Listener for event 'frame' did not return a promise."
console.warn: "Listener for event 'frame' did not return a promise."
console.warn: "Listener for event 'frame' did not return a promise."
1700657076899	geckodriver	INFO	Listening on 127.0.0.1:53648
1700657079943	mozrunner::runner	INFO	Running command: "C:\\Program Files\\Mozilla Firefox\\firefox.exe" "--marionette" "--remote-debugging-port" "53649" "--remote-allow-hosts" "localhost" "-no-remote" "-profile" "C:\\Users\\CLEITO~1\\AppData\\Local\\Temp\\rust_mozprofileXw1qvu"
console.warn: services.settings: Ignoring preference override of remote settings server
console.warn: services.settings: Allow by setting MOZ_REMOTE_SETTINGS_DEVTOOLS=1 in the environment
1700657080252	Marionette	INFO	Marionette enabled
Dynamically enable window occlusion 0
1700657080340	Marionette	INFO	Listening on port 53660
WebDriver BiDi listening on ws://127.0.0.1:53649
Read port: 53660
1700657080528	RemoteAgent	WARN	TLS certificate errors will be ignored for this session
DevTools listening on ws://127.0.0.1:53649/devtools/browser/15086c28-3851-4885-bc65-7e70cedd50b0
1700657110535	addons.xpi	ERROR	System addon update list error SyntaxError: XMLHttpRequest.open: 'http://%(server)s/dummy-system-addons.xml' is not a valid URL.
JavaScript warning: https://meumb.mercantil.com.br/ruxitagentjs_ICA2NVfgqru_10277231024135831.js, line 169: Script terminated by timeout at:
be@https://meumb.mercantil.com.br/ruxitagentjs_ICA2NVfgqru_10277231024135831.js:169:369
$g@https://meumb.mercantil.com.br/ruxitagentjs_ICA2NVfgqru_10277231024135831.js:168:438

1700657173227	Marionette	INFO	Stopped listening on port 53660
Dynamically enable window occlusion 1
1700657418537	geckodriver	INFO	Listening on 127.0.0.1:53835
1700657421588	mozrunner::runner	INFO	Running command: "C:\\Program Files\\Mozilla Firefox\\firefox.exe" "--marionette" "--remote-debugging-port" "53836" "--remote-allow-hosts" "localhost" "-no-remote" "-profile" "C:\\Users\\CLEITO~1\\AppData\\Local\\Temp\\rust_mozprofile3Hky93"
console.warn: services.settings: Ignoring preference override of remote settings server
console.warn: services.settings: Allow by setting MOZ_REMOTE_SETTINGS_DEVTOOLS=1 in the environment
1700657421847	Marionette	INFO	Marionette enabled
Dynamically enable window occlusion 0
1700657421929	Marionette	INFO	Listening on port 53844
WebDriver BiDi listening on ws://127.0.0.1:53836
Read port: 53844
1700657422086	RemoteAgent	WARN	TLS certificate errors will be ignored for this session
DevTools listening on ws://127.0.0.1:53836/devtools/browser/86a226c5-288f-4e2e-97c0-0d946d137e9b
1700657452400	addons.xpi	ERROR	System addon update list error SyntaxError: XMLHttpRequest.open: 'http://%(server)s/dummy-system-addons.xml' is not a valid URL.
JavaScript warning: https://meumb.mercantil.com.br/ruxitagentjs_ICA2NVfgqru_10277231024135831.js, line 169: Script terminated by timeout at:
be@https://meumb.mercantil.com.br/ruxitagentjs_ICA2NVfgqru_10277231024135831.js:169:369
$g@https://meumb.mercantil.com.br/ruxitagentjs_ICA2NVfgqru_10277231024135831.js:168:438

JavaScript error: resource://gre/modules/AsyncShutdown.sys.mjs, line 573: NotFoundError: No such JSWindowActor 'DevToolsFrame'
JavaScript error: resource://gre/modules/AsyncShutdown.sys.mjs, line 573: NotFoundError: No such JSWindowActor 'DevToolsFrame'
JavaScript error: resource://gre/modules/AsyncShutdown.sys.mjs, line 573: NotFoundError: No such JSWindowActor 'DevToolsFrame'
JavaScript error: resource://gre/modules/AsyncShutdown.sys.mjs, line 573: NotFoundError: No such JSWindowActor 'DevToolsFrame'
JavaScript error: resource://gre/modules/AsyncShutdown.sys.mjs, line 573: NotFoundError: No such JSWindowActor 'DevToolsFrame'
JavaScript error: resource://gre/modules/AsyncShutdown.sys.mjs, line 573: NotFoundError: No such JSWindowActor 'DevToolsFrame'
JavaScript error: resource://gre/modules/AsyncShutdown.sys.mjs, line 573: NotFoundError: No such JSWindowActor 'DevToolsFrame'
JavaScript error: resource://gre/modules/AsyncShutdown.sys.mjs, line 573: NotFoundError: No such JSWindowActor 'DevToolsFrame'
1700657683196	Marionette	INFO	Stopped listening on port 53844
Dynamically enable window occlusion 1
istening on port 53913
Dynamically enable window occlusion 1
er
console.warn: services.settings: Allow by setting MOZ_REMOTE_SETTINGS_DEVTOOLS=1 in the environment
1700657678396	Marionette	INFO	Marionette enabled
Dynamically enable window occlusion 0
1700657678488	Marionette	INFO	Listening on port 53977
WebDriver BiDi listening on ws://127.0.0.1:53969
Read port: 53977
1700657678566	RemoteAgent	WARN	TLS certificate errors will be ignored for this session
DevTools listening on ws://127.0.0.1:53969/devtools/browser/f814ae0e-089e-482d-b8a7-1f83cd61255f
JavaScript warning: https://meumb.mercantil.com.br/ruxitagentjs_ICA2NVfgqru_10277231024135831.js, line 169: Script terminated by timeout at:
be@https://meumb.mercantil.com.br/ruxitagentjs_ICA2NVfgqru_10277231024135831.js:169:369
$g@https://meumb.mercantil.com.br/ruxitagentjs_ICA2NVfgqru_10277231024135831.js:168:438

1700657705465	Marionette	INFO	Stopped listening on port 53977
Dynamically enable window occlusion 1
er
console.warn: services.settings: Allow by setting MOZ_REMOTE_SETTINGS_DEVTOOLS=1 in the environment
1700657703114	Marionette	INFO	Marionette enabled
Dynamically enable window occlusion 0
1700657703201	Marionette	INFO	Listening on port 54034
Read port: 54034
WebDriver BiDi listening on ws://127.0.0.1:54026
1700657703262	RemoteAgent	WARN	TLS certificate errors will be ignored for this session
DevTools listening on ws://127.0.0.1:54026/devtools/browser/e57e14bb-5f69-4217-8149-273ea587f23e
1700657733651	addons.xpi	ERROR	System addon update list error SyntaxError: XMLHttpRequest.open: 'http://%(server)s/dummy-system-addons.xml' is not a valid URL.
JavaScript warning: https://meumb.mercantil.com.br/ruxitagentjs_ICA2NVfgqru_10277231024135831.js, line 169: Script terminated by timeout at:
be@https://meumb.mercantil.com.br/ruxitagentjs_ICA2NVfgqru_10277231024135831.js:169:369
$g@https://meumb.mercantil.com.br/ruxitagentjs_ICA2NVfgqru_10277231024135831.js:168:438

1700657744675	Marionette	INFO	Stopped listening on port 54034
Dynamically enable window occlusion 1
er
console.warn: services.settings: Allow by setting MOZ_REMOTE_SETTINGS_DEVTOOLS=1 in the environment
1700657742547	Marionette	INFO	Marionette enabled
Dynamically enable window occlusion 0
1700657742636	Marionette	INFO	Listening on port 54093
WebDriver BiDi listening on ws://127.0.0.1:54085
Read port: 54093
1700657742802	RemoteAgent	WARN	TLS certificate errors will be ignored for this session
DevTools listening on ws://127.0.0.1:54085/devtools/browser/203c49de-0568-4745-8f98-549f99982465
1700657773166	addons.xpi	ERROR	System addon update list error SyntaxError: XMLHttpRequest.open: 'http://%(server)s/dummy-system-addons.xml' is not a valid URL.
JavaScript warning: https://meumb.mercantil.com.br/ruxitagentjs_ICA2NVfgqru_10277231024135831.js, line 169: Script terminated by timeout at:
be@https://meumb.mercantil.com.br/ruxitagentjs_ICA2NVfgqru_10277231024135831.js:169:369
$g@https://meumb.mercantil.com.br/ruxitagentjs_ICA2NVfgqru_10277231024135831.js:168:438

JavaScript error: resource://gre/modules/AsyncShutdown.sys.mjs, line 573: NotFoundError: No such JSWindowActor 'DevToolsFrame'
JavaScript error: resource://gre/modules/AsyncShutdown.sys.mjs, line 573: NotFoundError: No such JSWindowActor 'DevToolsFrame'
JavaScript error: resource://gre/modules/AsyncShutdown.sys.mjs, line 573: NotFoundError: No such JSWindowActor 'DevToolsFrame'
JavaScript error: resource://gre/modules/AsyncShutdown.sys.mjs, line 573: NotFoundError: No such JSWindowActor 'DevToolsFrame'
JavaScript error: resource://gre/modules/AsyncShutdown.sys.mjs, line 573: NotFoundError: No 1700657889180	addons.xpi	ERROR	System addon update list error SyntaxError: XMLHttpRequest.open: 'http://%(server)s/dummy-system-addons.xml' is not a valid URL.
JavaScript warning: https://meumb.mercantil.com.br/ruxitagentjs_ICA2NVfgqru_10277231024135831.js, line 169: Script terminated by timeout at:
be@https://meumb.mercantil.com.br/ruxitagentjs_ICA2NVfgqru_10277231024135831.js:169:369
$g@https://meumb.mercantil.com.br/ruxitagentjs_ICA2NVfgqru_10277231024135831.js:168:438

1700657919924	Marionette	INFO	Stopped listening on port 54162
Dynamically enable window occlusion 1
0657917666	mozrunner::runner	INFO	Running command: "C:\\Program Files\\Mozilla Firefox\\firefox.exe" "--marionette" "--remote-debugging-port" "54217" "--remote-allow-hosts" "localhost" "-no-remote" "-profile" "C:\\Users\\CLEITO~1\\AppData\\Local\\Temp\\rust_mozprofilenYEbU0"
console.warn: services.settings: Ignoring preference override of remote settings server
console.warn: services.settings: Allow by setting MOZ_REMOTE_SETTINGS_DEVTOOLS=1 in the environment
1700657917919	Marionette	INFO	Marionette enabled
Dynamically enable window occlusion 0
1700657918039	Marionette	INFO	Listening on port 54225
WebDriver BiDi listening on ws://127.0.0.1:54217
Read port: 54225
1700657918222	RemoteAgent	WARN	TLS certificate errors will be ignored for this session
DevTools listening on ws://127.0.0.1:54217/devtools/browser/23cb75ca-6c63-43a7-86d7-f98caa2dd4ab
JavaScript warning: https://meumb.mercantil.com.br/ruxitagentjs_ICA2NVfgqru_10277231024135831.js, line 169: Script terminated by timeout at:
be@https://meumb.mercantil.com.br/ruxitagentjs_ICA2NVfgqru_10277231024135831.js:169:369
$g@https://meumb.mercantil.com.br/ruxitagentjs_ICA2NVfgqru_10277231024135831.js:168:438

1700657925528	Marionette	INFO	Stopped listening on port 54225
Dynamically enable window occlusion 1
1700658682133	geckodriver	INFO	Listening on 127.0.0.1:54497
1700658685186	mozrunner::runner	INFO	Running command: "C:\\Program Files\\Mozilla Firefox\\firefox.exe" "--marionette" "--remote-debugging-port" "54498" "--remote-allow-hosts" "localhost" "-no-remote" "-profile" "C:\\Users\\CLEITO~1\\AppData\\Local\\Temp\\rust_mozprofile1rI0A9"
console.warn: services.settings: Ignoring preference override of remote settings server
console.warn: services.settings: Allow by setting MOZ_REMOTE_SETTINGS_DEVTOOLS=1 in the environment
1700658685459	Marionette	INFO	Marionette enabled
Dynamically enable window occlusion 0
1700658685548	Marionette	INFO	Listening on port 54506
WebDriver BiDi listening on ws://127.0.0.1:54498
Read port: 54506
1700658685726	RemoteAgent	WARN	TLS certificate errors will be ignored for this session
DevTools listening on ws://127.0.0.1:54498/devtools/browser/b82c230f-34dc-49d8-a5c4-33173156138a
1700658715975	addons.xpi	ERROR	System addon update list error SyntaxError: XMLHttpRequest.open: 'http://%(server)s/dummy-system-addons.xml' is not a valid URL.
JavaScript warning: https://meumb.mercantil.com.br/ruxitagentjs_ICA2NVfgqru_10277231024135831.js, line 169: Script terminated by timeout at:
be@https://meumb.mercantil.com.br/ruxitagentjs_ICA2NVfgqru_10277231024135831.js:169:369
$g@https://meumb.mercantil.com.br/ruxitagentjs_ICA2NVfgqru_10277231024135831.js:168:438

1700658729223	Marionette	INFO	Stopped listening on port 54506
Dynamically enable window occlusion 1
er
console.warn: services.settings: Allow by setting MOZ_REMOTE_SETTINGS_DEVTOOLS=1 in the environment
1700658727078	Marionette	INFO	Marionette enabled
Dynamically enable window occlusion 0
1700658727165	Marionette	INFO	Listening on port 54566
WebDriver BiDi listening on ws://127.0.0.1:54558
Read port: 54566
1700658727328	RemoteAgent	WARN	TLS certificate errors will be ignored for this session
DevTools listening on ws://127.0.0.1:54558/devtools/browser/22171659-e000-4aa2-abd5-9a3168b6e2a7
1700658758508	addons.xpi	ERROR	System addon update list error SyntaxError: XMLHttpRequest.open: 'http://%(server)s/dummy-system-addons.xml' is not a valid URL.
JavaScript warning: https://meumb.mercantil.com.br/ruxitagentjs_ICA2NVfgqru_10277231024135831.js, line 169: Script terminated by timeout at:
be@https://meumb.mercantil.com.br/ruxitagentjs_ICA2NVfgqru_10277231024135831.js:169:369
$g@https://meumb.mercantil.com.br/ruxitagentjs_ICA2NVfgqru_10277231024135831.js:168:438

1700658853564	Marionette	INFO	Stopped listening on port 54566
Dynamically enable window occlusion 1
er
console.warn: services.settings: Allow by setting MOZ_REMOTE_SETTINGS_DEVTOOLS=1 in the environment
1700658851427	Marionette	INFO	Marionette enabled
Dynamically enable window occlusion 0
1700658851515	Marionette	INFO	Listening on port 54642
WebDriver BiDi listening on ws://127.0.0.1:54634
Read port: 54642
1700658851673	RemoteAgent	WARN	TLS certificate errors will be ignored for this session
DevTools listening on ws://127.0.0.1:54634/devtools/browser/0f678d9f-19bc-4a14-8f2d-06312166738e
1700658882073	addons.xpi	ERROR	System addon update list error SyntaxError: XMLHttpRequest.open: 'http://%(server)s/dummy-system-addons.xml' is not a valid URL.
JavaScript warning: https://meumb.mercantil.com.br/ruxitagentjs_ICA2NVfgqru_10277231024135831.js, line 169: Script terminated by timeout at:
be@https://meumb.mercantil.com.br/ruxitagentjs_ICA2NVfgqru_10277231024135831.js:169:369
$g@https://meumb.mercantil.com.br/ruxitagentjs_ICA2NVfgqru_10277231024135831.js:168:438

1700659048085	Marionette	INFO	Stopped listening on port 54642
Dynamically enable window occlusion 1
1700659258114	geckodriver	INFO	Listening on 127.0.0.1:54759
1700659261172	mozrunner::runner	INFO	Running command: "C:\\Program Files\\Mozilla Firefox\\firefox.exe" "--marionette" "--remote-debugging-port" "54760" "--remote-allow-hosts" "localhost" "-no-remote" "-profile" "C:\\Users\\CLEITO~1\\AppData\\Local\\Temp\\rust_mozprofilevVCuqe"
console.warn: services.settings: Ignoring preference override of remote settings server
console.warn: services.settings: Allow by setting MOZ_REMOTE_SETTINGS_DEVTOOLS=1 in the environment
1700659261449	Marionette	INFO	Marionette enabled
Dynamically enable window occlusion 0
1700659261534	Marionette	INFO	Listening on port 54771
WebDriver BiDi listening on ws://127.0.0.1:54760
Read port: 54771
1700659261697	RemoteAgent	WARN	TLS certificate errors will be ignored for this session
DevTools listening on ws://127.0.0.1:54760/devtools/browser/00483b7f-fc27-4690-ba69-9f943d9dc637
console.warn: LoginRecipes: "Falling back to a synchronous message for: https://meumb.mercantil.com.br."
console.warn: LoginRecipes: "Falling back to a synchronous message for: https://meumb.mercantil.com.br."
1700659291547	addons.xpi	ERROR	System addon update list error SyntaxError: XMLHttpRequest.open: 'http://%(server)s/dummy-system-addons.xml' is not a valid URL.
JavaScript warning: https://meumb.mercantil.com.br/ruxitagentjs_ICA2NVfgqru_10277231024135831.js, line 169: Script terminated by timeout at:
be@https://meumb.mercantil.com.br/ruxitagentjs_ICA2NVfgqru_10277231024135831.js:169:369
$g@https://meumb.mercantil.com.br/ruxitagentjs_ICA2NVfgqru_10277231024135831.js:168:438

1700659316020	Marionette	INFO	Stopped listening on port 54771
Dynamically enable window occlusion 1
er
console.warn: services.settings: Allow by setting MOZ_REMOTE_SETTINGS_DEVTOOLS=1 in the environment
1700659312446	Marionette	INFO	Marionette enabled
Dynamically enable window occlusion 0
1700659312541	Marionette	INFO	Listening on port 54858
WebDriver BiDi listening on ws://127.0.0.1:54850
Read port: 54858
1700659312735	RemoteAgent	WARN	TLS certificate errors will be ignored for this session
DevTools listening on ws://127.0.0.1:54850/devtools/browser/d5bd73d6-db72-490b-92cb-de92f5f04132
1700659345410	addons.xpi	ERROR	System addon update list error SyntaxError: XMLHttpRequest.open: 'http://%(server)s/dummy-system-addons.xml' is not a valid URL.
console.warn: LoginRecipes: "Falling back to a synchronous message for: https://meumb.mercantil.com.br."
JavaScript warning: https://meumb.mercantil.com.br/ruxitagentjs_ICA2NVfgqru_10277231024135831.js, line 169: Script terminated by timeout at:
be@https://meumb.mercantil.com.br/ruxitagentjs_ICA2NVfgqru_10277231024135831.js:169:369
$g@https://meumb.mercantil.com.br/ruxitagentjs_ICA2NVfgqru_10277231024135831.js:168:438

1700659404863	Marionette	INFO	Stopped listening on port 54858
Dynamically enable window occlusion 1
1700659771101	geckodriver	INFO	Listening on 127.0.0.1:55015
1700659774147	mozrunner::runner	INFO	Running command: "C:\\Program Files\\Mozilla Firefox\\firefox.exe" "--marionette" "--remote-debugging-port" "55016" "--remote-allow-hosts" "localhost" "-no-remote" "-profile" "C:\\Users\\CLEITO~1\\AppData\\Local\\Temp\\rust_mozprofileL6EwWC"
console.warn: services.settings: Ignoring preference override of remote settings server
console.warn: services.settings: Allow by setting MOZ_REMOTE_SETTINGS_DEVTOOLS=1 in the environment
1700659774419	Marionette	INFO	Marionette enabled
Dynamically enable window occlusion 0
1700659774503	Marionette	INFO	Listening on port 55025
WebDriver BiDi listening on ws://127.0.0.1:55016
Read port: 55025
1700659774676	RemoteAgent	WARN	TLS certificate errors will be ignored for this session
DevTools listening on ws://127.0.0.1:55016/devtools/browser/8c6354b9-b6a8-4d6e-a1ed-d0f590e8cfe0
1700659805245	addons.xpi	ERROR	System addon update list error SyntaxError: XMLHttpRequest.open: 'http://%(server)s/dummy-system-addons.xml' is not a valid URL.
console.warn: LoginRecipes: "Falling back to a synchronous message for: https://meumb.mercantil.com.br."
console.warn: LoginRecipes: "Falling back to a synchronous message for: https://meumb.mercantil.com.br."
JavaScript warning: https://meumb.mercantil.com.br/ruxitagentjs_ICA2NVfgqru_10277231024135831.js, line 169: Script terminated by timeout at:
be@https://meumb.mercantil.com.br/ruxitagentjs_ICA2NVfgqru_10277231024135831.js:169:369
$g@https://meumb.mercantil.com.br/ruxitagentjs_ICA2NVfgqru_10277231024135831.js:168:438

JavaScript error: resource://gre/modules/AsyncShutdown.sys.mjs, line 573: NotFoundError: No such JSWindowActor 'DevToolsFrame'
JavaScript error: resource://gre/modules/AsyncShutdown.sys.mjs, line 573: NotFoundError: No such JSWindowActor 'DevToolsFrame'
JavaScript error: resource://gre/modules/AsyncShutdown.sys.mjs, line 573: NotFoundError: No such JSWindowActor 'DevToolsFrame'
JavaScript error: resource://gre/modules/AsyncShutdown.sys.mjs, line 573: NotFoundError: No such JSWindowActor 'DevToolsFrame'
JavaScript error: resource://gre/modules/AsyncShutdown.sys.mjs, line 573: NotFoundError: No such JSWindowActor 'DevToolsFrame'
JavaScript error: resource://gre/modules/AsyncShutdown.sys.mjs, line 573: NotFoundError: No such JSWindowActor 'DevToolsFrame'
1700659880861	Marionette	INFO	Stopped listening on port 55025
Dynamically enable window occlusion 1
1700659924621	geckodriver	INFO	Listening on 127.0.0.1:55156
1700659927673	mozrunner::runner	INFO	Running command: "C:\\Program Files\\Mozilla Firefox\\firefox.exe" "--marionette" "--remote-debugging-port" "55157" "--remote-allow-hosts" "localhost" "-no-remote" "-profile" "C:\\Users\\CLEITO~1\\AppData\\Local\\Temp\\rust_mozprofilemaTfs6"
console.warn: services.settings: Ignoring preference override of remote settings server
console.warn: services.settings: Allow by setting MOZ_REMOTE_SETTINGS_DEVTOOLS=1 in the environment
1700659927950	Marionette	INFO	Marionette enabled
Dynamically enable window occlusion 0
1700659928033	Marionette	INFO	Listening on port 55165
WebDriver BiDi listening on ws://127.0.0.1:55157
Read port: 55165
1700659928195	RemoteAgent	WARN	TLS certificate errors will be ignored for this session
DevTools listening on ws://127.0.0.1:55157/devtools/browser/a50d589c-9b8f-492e-883b-cd5d23db5170
1700659941841	Marionette	INFO	Stopped listening on port 55165
Dynamically enable window occlusion 1
1700660107515	geckodriver	INFO	Listening on 127.0.0.1:55298
1700660110556	mozrunner::runner	INFO	Running command: "C:\\Program Files\\Mozilla Firefox\\firefox.exe" "--marionette" "--remote-debugging-port" "55299" "--remote-allow-hosts" "localhost" "-no-remote" "-profile" "C:\\Users\\CLEITO~1\\AppData\\Local\\Temp\\rust_mozprofileqmmFW0"
console.warn: services.settings: Ignoring preference override of remote settings server
console.warn: services.settings: Allow by setting MOZ_REMOTE_SETTINGS_DEVTOOLS=1 in the environment
1700660110826	Marionette	INFO	Marionette enabled
Dynamically enable window occlusion 0
1700660110923	Marionette	INFO	Listening on port 55307
WebDriver BiDi listening on ws://127.0.0.1:55299
Read port: 55307
1700660111101	RemoteAgent	WARN	TLS certificate errors will be ignored for this session
DevTools listening on ws://127.0.0.1:55299/devtools/browser/c1a0b2e4-7771-43a0-af0b-331181bce2d8
1700660141635	addons.xpi	ERROR	System addon update list error SyntaxError: XMLHttpRequest.open: 'http://%(server)s/dummy-system-addons.xml' is not a valid URL.
JavaScript warning: https://meumb.mercantil.com.br/ruxitagentjs_ICA2NVfgqru_10277231024135831.js, line 169: Script terminated by timeout at:
be@https://meumb.mercantil.com.br/ruxitagentjs_ICA2NVfgqru_10277231024135831.js:169:369
$g@https://meumb.mercantil.com.br/ruxitagentjs_ICA2NVfgqru_10277231024135831.js:168:438

1700660164484	Marionette	INFO	Stopped listening on port 55307
Dynamically enable window occlusion 1
1700660270256	geckodriver	INFO	Listening on 127.0.0.1:55394
1700660273289	mozrunner::runner	INFO	Running command: "C:\\Program Files\\Mozilla Firefox\\firefox.exe" "--marionette" "--remote-debugging-port" "55395" "--remote-allow-hosts" "localhost" "-no-remote" "-profile" "C:\\Users\\CLEITO~1\\AppData\\Local\\Temp\\rust_mozprofileQpF6Ns"
console.warn: services.settings: Ignoring preference override of remote settings server
console.warn: services.settings: Allow by setting MOZ_REMOTE_SETTINGS_DEVTOOLS=1 in the environment
1700660273546	Marionette	INFO	Marionette enabled
Dynamically enable window occlusion 0
1700660273628	Marionette	INFO	Listening on port 55403
WebDriver BiDi listening on ws://127.0.0.1:55395
Read port: 55403
1700660273810	RemoteAgent	WARN	TLS certificate errors will be ignored for this session
DevTools listening on ws://127.0.0.1:55395/devtools/browser/c21f835c-b93e-4c1f-a16d-dded005bde58
console.warn: LoginRecipes: "Falling back to a synchronous message for: https://meumb.mercantil.com.br."
1700660304995	addons.xpi	ERROR	System addon update list error SyntaxError: XMLHttpRequest.open: 'http://%(server)s/dummy-system-addons.xml' is not a valid URL.
console.warn: LoginRecipes: "Falling back to a synchronous message for: https://meumb.mercantil.com.br."
JavaScript warning: https://meumb.mercantil.com.br/ruxitagentjs_ICA2NVfgqru_10277231024135831.js, line 169: Script terminated by timeout at:
be@https://meumb.mercantil.com.br/ruxitagentjs_ICA2NVfgqru_10277231024135831.js:169:369
$g@https://meumb.mercantil.com.br/ruxitagentjs_ICA2NVfgqru_10277231024135831.js:168:438

1700660425718	Marionette	INFO	Stopped listening on port 55403
Dynamically enable window occlusion 1
er
console.warn: services.settings: Allow by setting MOZ_REMOTE_SETTINGS_DEVTOOLS=1 in the environment
1700660389987	Marionette	INFO	Marionette enabled
Dynamically enable window occlusion 0
1700660390087	Marionette	INFO	Listening on port 55480
WebDriver BiDi listening on ws://127.0.0.1:55472
Read port: 55480
1700660390270	RemoteAgent	WARN	TLS certificate errors will be ignored for this session
DevTools listening on ws://127.0.0.1:55472/devtools/browser/14981d9b-67ae-4d4d-b670-5362195b205c
console.warn: LoginRecipes: "Falling back to a synchronous message for: https://meumb.mercantil.com.br."
console.warn: LoginRecipes: "Falling back to a synchronous message for: https://meumb.mercantil.com.br."
1700660421300	addons.xpi	ERROR	System addon update list error SyntaxError: XMLHttpRequest.open: 'http://%(server)s/dummy-system-addons.xml' is not a valid URL.
JavaScript warning: https://meumb.mercantil.com.br/ruxitagentjs_ICA2NVfgqru_10277231024135831.js, line 169: Script terminated by timeout at:
be@https://meumb.mercantil.com.br/ruxitagentjs_ICA2NVfgqru_10277231024135831.js:169:369
$g@https://meumb.mercantil.com.br/ruxitagentjs_ICA2NVfgqru_10277231024135831.js:168:438

JavaScript error: resource://gre/modules/AsyncShutdown.sys.mjs, line 573: NotFoundError: No such JSWindowActor 'DevToolsFrame'
JavaScript error: resource://gre/modules/AsyncShutdown.sys.mjs, line 573: NotFoundError: No such JSWindowActor 'DevToolsFrame'
JavaScript error: resource://gre/modules/AsyncShutdown.sys.mjs, line 573: NotFoundError: No such JSWindowActor 'DevToolsFrame'
JavaScript error: resource://gre/modules/AsyncShutdown.sys.mjs, line 573: NotFoundError: No such JSWindowActor 'DevToolsFrame'
JavaScript error: resource://gre/modules/AsyncShutdown.sys.mjs, line 573: NotFoundError: No such JSWindowActor 'DevToolsFrame'
1700660466408	Marionette	INFO	Stopped listening on port 55480
Dynamically enable window occlusion 1
1700660467869	geckodriver	INFO	Listening on 127.0.0.1:55544
1700660470887	mozrunner::runner	INFO	Running command: "C:\\Program Files\\Mozilla Firefox\\firefox.exe" "--marionette" "--remote-debugging-port" "55545" "--remote-allow-hosts" "localhost" "-no-remote" "-profile" "C:\\Users\\CLEITO~1\\AppData\\Local\\Temp\\rust_mozprofileFOoUAQ"
console.warn: services.settings: Ignoring preference override of remote settings server
console.warn: services.settings: Allow by setting MOZ_REMOTE_SETTINGS_DEVTOOLS=1 in the environment
1700660471150	Marionette	INFO	Marionette enabled
Dynamically enable window occlusion 0
1700660471241	Marionette	INFO	Listening on port 55554
WebDriver BiDi listening on ws://127.0.0.1:55545
Read port: 55554
1700660471400	RemoteAgent	WARN	TLS certificate errors will be ignored for this session
DevTools listening on ws://127.0.0.1:55545/devtools/browser/d66823ec-bc22-451f-a573-8def4f7dbc88
console.warn: LoginRecipes: "Falling back to a synchronous message for: https://meumb.mercantil.com.br."
1700660503644	addons.xpi	ERROR	System addon update list error SyntaxError: XMLHttpRequest.open: 'http://%(server)s/dummy-system-addons.xml' is not a valid URL.
console.warn: LoginRecipes: "Falling back to a synchronous message for: https://meumb.mercantil.com.br."
JavaScript warning: https://meumb.mercantil.com.br/ruxitagentjs_ICA2NVfgqru_10277231024135831.js, line 169: Script terminated by timeout at:
be@https://meumb.mercantil.com.br/ruxitagentjs_ICA2NVfgqru_10277231024135831.js:169:369
$g@https://meumb.mercantil.com.br/ruxitagentjs_ICA2NVfgqru_10277231024135831.js:168:438

1700660965649	Marionette	INFO	Stopped listening on port 55554
Dynamically enable window occlusion 1
er
console.warn: services.settings: Allow by setting MOZ_REMOTE_SETTINGS_DEVTOOLS=1 in the environment
1700660960161	Marionette	INFO	Marionette enabled
Dynamically enable window occlusion 0
1700660960249	Marionette	INFO	Listening on port 55673
WebDriver BiDi listening on ws://127.0.0.1:55664
Read port: 55673
1700660960406	RemoteAgent	WARN	TLS certificate errors will be ignored for this session
DevTools listening on ws://127.0.0.1:55664/devtools/browser/7fe996b0-381c-4540-9021-185b5969d2a9
JavaScript warning: https://meumb.mercantil.com.br/ruxitagentjs_ICA2NVfgqru_10277231024135831.js, line 169: Script terminated by timeout at:
be@https://meumb.mercantil.com.br/ruxitagentjs_ICA2NVfgqru_10277231024135831.js:169:369
$g@https://meumb.mercantil.com.br/ruxitagentjs_ICA2NVfgqru_10277231024135831.js:168:438

1700660963818	Marionette	INFO	Stopped listening on port 55673
Dynamically enable window occlusion 1
1700661040942	geckodriver	INFO	Listening on 127.0.0.1:55719
1700661043994	mozrunner::runner	INFO	Running command: "C:\\Program Files\\Mozilla Firefox\\firefox.exe" "--marionette" "--remote-debugging-port" "55720" "--remote-allow-hosts" "localhost" "-no-remote" "-profile" "C:\\Users\\CLEITO~1\\AppData\\Local\\Temp\\rust_mozprofile3M1sSA"
console.warn: services.settings: Ignoring preference override of remote settings server
console.warn: services.settings: Allow by setting MOZ_REMOTE_SETTINGS_DEVTOOLS=1 in the environment
1700661044248	Marionette	INFO	Marionette enabled
Dynamically enable window occlusion 0
1700661044329	Marionette	INFO	Listening on port 55728
WebDriver BiDi listening on ws://127.0.0.1:55720
Read port: 55728
1700661044486	RemoteAgent	WARN	TLS certificate errors will be ignored for this session
DevTools listening on ws://127.0.0.1:55720/devtools/browser/d6568d21-d4dc-4b39-a545-ede08751177d
1700661074831	addons.xpi	ERROR	System addon update list error SyntaxError: XMLHttpRequest.open: 'http://%(server)s/dummy-system-addons.xml' is not a valid URL.
console.warn: LoginRecipes: "Falling back to a synchronous message for: https://meumb.mercantil.com.br."
console.warn: LoginRecipes: "Falling back to a synchronous message for: https://meumb.mercantil.com.br."
JavaScript warning: https://meumb.mercantil.com.br/ruxitagentjs_ICA2NVfgqru_10277231024135831.js, line 169: Script terminated by timeout at:
be@https://meumb.mercantil.com.br/ruxitagentjs_ICA2NVfgqru_10277231024135831.js:169:369
$g@https://meumb.mercantil.com.br/ruxitagentjs_ICA2NVfgqru_10277231024135831.js:168:438

JavaScript error: resource://gre/modules/AsyncShutdown.sys.mjs, line 573: NotFoundError: No such JSWindowActor 'DevToolsFrame'
JavaScript error: resource://gre/modules/AsyncShutdown.sys.mjs, line 573: NotFoundError: No such JSWindowActor 'DevToolsFrame'
JavaScript error: resource://gre/modules/AsyncShutdown.sys.mjs, line 573: NotFoundError: No such JSWindowActor 'DevToolsFrame'
JavaScript error: resource://gre/modules/AsyncShutdown.sys.mjs, line 573: NotFoundError: No such JSWindowActor 'DevToolsFrame'
JavaScript error: resource://gre/modules/AsyncShutdown.sys.mjs, line 573: NotFoundError: No such JSWindowActor 'DevToolsFrame'
1700661679453	Marionette	INFO	Stopped listening on port 55728
Dynamically enable window occlusion 1
' is not a valid URL.
console.warn: LoginRecipes: "Falling back to a synchronous message for: https://meumb.mercantil.com.br."
console.warn: LoginRecipes: "Falling back to a synchronous message for: https://meumb.mercantil.com.br."
JavaScript warning: https://meumb.mercantil.com.br/ruxitagentjs_ICA2NVfgqru_10277231024135831.js, line 169: Script terminated by timeout at:
be@https://meumb.mercantil.com.br/ruxitagentjs_ICA2NVfgqru_10277231024135831.js:169:369
$g@https://meumb.mercantil.com.br/ruxitagentjs_ICA2NVfgqru_10277231024135831.js:168:438

JavaScript error: resource://gre/modules/AsyncShutdown.sys.mjs, line 573: NotFoundError: No such JSWindowActor 'DevToolsFrame'
JavaScript error: resource://gre/modules/AsyncShutdown.sys.mjs, line 573: NotFoundError: No such JSWindowActor 'DevToolsFrame'
JavaScript error: resource://gre/modules/AsyncShutdown.sys.mjs, line 573: NotFoundError: No such JSWindowActor 'DevToolsFrame'
JavaScript error: resource://gre/modules/AsyncShutdown.sys.mjs, line 573: NotFoundError: No such JSWindowActor 'DevToolsFrame'
JavaScript error: resource://gre/modules/AsyncShutdown.sys.mjs, line 573: NotFoundError: No such JSWindowActor 'DevToolsFrame'
1700662588354	Marionette	INFO	Stopped listening on port 55861
Dynamically enable window occlusion 1
ning on 127.0.0.1:56179
1700662488006	mozrunner::runner	INFO	Running command: "C:\\Program Files\\Mozilla Firefox\\firefox.exe" "--marionette" "--remote-debugging-port" "56180" "--remote-allow-hosts" "localhost" "-no-remote" "-profile" "C:\\Users\\CLEITO~1\\AppData\\Local\\Temp\\rust_mozprofile6qcfb0"
console.warn: services.settings: Ignoring preference override of remote settings server
console.warn: services.settings: Allow by setting MOZ_REMOTE_SETTINGS_DEVTOOLS=1 in the environment
1700662488274	Marionette	INFO	Marionette enabled
Dynamically enable window occlusion 0
1700662488358	Marionette	INFO	Listening on port 56187
WebDriver BiDi listening on ws://127.0.0.1:56180
Read port: 56187
1700662488522	RemoteAgent	WARN	TLS certificate errors will be ignored for this session
DevTools listening on ws://127.0.0.1:56180/devtools/browser/46637968-379b-4aef-9144-baf526203fba
console.warn: LoginRecipes: "Falling back to a synchronous message for: https://meumb.mercantil.com.br."
console.warn: LoginRecipes: "Falling back to a synchronous message for: https://meumb.mercantil.com.br."
1700662521966	addons.xpi	ERROR	System addon update list error SyntaxError: XMLHttpRequest.open: 'http://%(server)s/dummy-system-addons.xml' is not a valid URL.
JavaScript warning: https://meumb.mercantil.com.br/ruxitagentjs_ICA2NVfgqru_10277231024135831.js, line 169: Script terminated by timeout at:
be@https://meumb.mercantil.com.br/ruxitagentjs_ICA2NVfgqru_10277231024135831.js:169:369
$g@https://meumb.mercantil.com.br/ruxitagentjs_ICA2NVfgqru_10277231024135831.js:168:438

1700662590214	Marionette	INFO	Stopped listening on port 56187
Dynamically enable window occlusion 1
er
console.warn: services.settings: Allow by setting MOZ_REMOTE_SETTINGS_DEVTOOLS=1 in the environment
1700662586526	Marionette	INFO	Marionette enabled
Dynamically enable window occlusion 0
1700662586611	Marionette	INFO	Listening on port 56288
WebDriver BiDi listening on ws://127.0.0.1:56280
Read port: 56288
1700662586760	RemoteAgent	WARN	TLS certificate errors will be ignored for this session
DevTools listening on ws://127.0.0.1:56280/devtools/browser/20d3ff09-9e1a-49cb-8b78-9633e16d37f3
console.warn: LoginRecipes: "Falling back to a synchronous message for: https://meumb.mercantil.com.br."
console.warn: LoginRecipes: "Falling back to a synchronous message for: https://meumb.mercantil.com.br."
1700662616853	addons.xpi	ERROR	System addon update list error SyntaxError: XMLHttpRequest.open: 'http://%(server)s/dummy-system-addons.xml' is not a valid URL.
1700662980873	geckodriver	INFO	Listening on 127.0.0.1:56497
1700662983919	mozrunner::runner	INFO	Running command: "C:\\Program Files\\Mozilla Firefox\\firefox.exe" "--marionette" "--remote-debugging-port" "56498" "--remote-allow-hosts" "localhost" "-no-remote" "-profile" "C:\\Users\\CLEITO~1\\AppData\\Local\\Temp\\rust_mozprofilev2CQc5"
console.warn: services.settings: Ignoring preference override of remote settings server
console.warn: services.settings: Allow by setting MOZ_REMOTE_SETTINGS_DEVTOOLS=1 in the environment
1700662984272	Marionette	INFO	Marionette enabled
Dynamically enable window occlusion 0
1700662984379	Marionette	INFO	Listening on port 56506
WebDriver BiDi listening on ws://127.0.0.1:56498
Read port: 56506
1700662984560	RemoteAgent	WARN	TLS certificate errors will be ignored for this session
1700662985646	Marionette	INFO	Stopped listening on port 56506
Dynamically enable window occlusion 1
1700662985652	CDP	WARN	Failed to remove undefined (Could not parse path (undefined): NS_ERROR_FILE_UNRECOGNIZED_PATH)
console.error: services.settings: 
  main/partitioning-exempt-urls Signature failed  TypeError: NetworkError: Network request failed
1700662992320	geckodriver	INFO	Listening on 127.0.0.1:56514
1700662995358	mozrunner::runner	INFO	Running command: "C:\\Program Files\\Mozilla Firefox\\firefox.exe" "--marionette" "--remote-debugging-port" "56515" "--remote-allow-hosts" "localhost" "-no-remote" "-profile" "C:\\Users\\CLEITO~1\\AppData\\Local\\Temp\\rust_mozprofile2uYqZu"
console.warn: services.settings: Ignoring preference override of remote settings server
console.warn: services.settings: Allow by setting MOZ_REMOTE_SETTINGS_DEVTOOLS=1 in the environment
1700662995611	Marionette	INFO	Marionette enabled
Dynamically enable window occlusion 0
1700662995694	Marionette	INFO	Listening on port 56523
WebDriver BiDi listening on ws://127.0.0.1:56515
Read port: 56523
1700662995847	RemoteAgent	WARN	TLS certificate errors will be ignored for this session
DevTools listening on ws://127.0.0.1:56515/devtools/browser/96833267-f33a-4bee-8a72-8bc18a158b8a
1700663026088	addons.xpi	ERROR	System addon update list error SyntaxError: XMLHttpRequest.open: 'http://%(server)s/dummy-system-addons.xml' is not a valid URL.
console.warn: LoginRecipes: "Falling back to a synchronous message for: https://meumb.mercantil.com.br."
console.warn: LoginRecipes: "Falling back to a synchronous message for: https://meumb.mercantil.com.br."
JavaScript warning: https://meumb.mercantil.com.br/ruxitagentjs_ICA2NVfgqru_10277231024135831.js, line 169: Script terminated by timeout at:
be@https://meumb.mercantil.com.br/ruxitagentjs_ICA2NVfgqru_10277231024135831.js:169:369
$g@https://meumb.mercantil.com.br/ruxitagentjs_ICA2NVfgqru_10277231024135831.js:168:438

1700663065986	Marionette	INFO	Stopped listening on port 56523
Dynamically enable window occlusion 1
er
console.warn: services.settings: Allow by setting MOZ_REMOTE_SETTINGS_DEVTOOLS=1 in the environment
1700663062500	Marionette	INFO	Marionette enabled
Dynamically enable window occlusion 0
1700663062591	Marionette	INFO	Listening on port 56590
WebDriver BiDi listening on ws://127.0.0.1:56582
Read port: 56590
1700663062763	RemoteAgent	WARN	TLS certificate errors will be ignored for this session
DevTools listening on ws://127.0.0.1:56582/devtools/browser/7469dc6d-0768-4032-adb5-a25a119ab85f
console.warn: LoginRecipes: "Falling back to a synchronous message for: https://meumb.mercantil.com.br."
console.warn: LoginRecipes: "Falling back to a synchronous message for: https://meumb.mercantil.com.br."
1700663092646	addons.xpi	ERROR	System addon update list error SyntaxError: XMLHttpRequest.open: 'http://%(server)s/dummy-system-addons.xml' is not a valid URL.
JavaScript warning: https://meumb.mercantil.com.br/ruxitagentjs_ICA2NVfgqru_10277231024135831.js, line 169: Script terminated by timeout at:
be@https://meumb.mercantil.com.br/ruxitagentjs_ICA2NVfgqru_10277231024135831.js:169:369
$g@https://meumb.mercantil.com.br/ruxitagentjs_ICA2NVfgqru_10277231024135831.js:168:438

1700663127368	Marionette	INFO	Stopped listening on port 56590
Dynamically enable window occlusion 1
er
console.warn: services.settings: Allow by setting MOZ_REMOTE_SETTINGS_DEVTOOLS=1 in the environment
1700663125046	Marionette	INFO	Marionette enabled
Dynamically enable window occlusion 0
1700663125127	Marionette	INFO	Listening on port 56655
WebDriver BiDi listening on ws://127.0.0.1:56648
Read port: 56655
1700663125285	RemoteAgent	WARN	TLS certificate errors will be ignored for this session
DevTools listening on ws://127.0.0.1:56648/devtools/browser/9709bee0-8b1f-428b-b9c3-2f4bee245f66
console.warn: LoginRecipes: "Falling back to a synchronous message for: https://meumb.mercantil.com.br."
console.warn: LoginRecipes: "Falling back to a synchronous message for: https://meumb.mercantil.com.br."
1700663155070	addons.xpi	ERROR	System addon update list error SyntaxError: XMLHttpRequest.open: 'http://%(server)s/dummy-system-addons.xml' is not a valid URL.
JavaScript warning: https://www.googletagmanager.com/gtag/js?id=G-5PZQKCB811&l=dataLayer&cx=c, line 68: Script terminated by timeout at:
Ta@https://www.googletagmanager.com/gtag/js?id=G-5PZQKCB811&l=dataLayer&cx=c:68:507
Ua@https://www.googletagmanager.com/gtag/js?id=G-5PZQKCB811&l=dataLayer&cx=c:69:22
lq@https://www.googletagmanager.console.warn: services.settings: Ignoring preference override of remote settings server
console.warn: services.settings: Allow by setting MOZ_REMOTE_SETTINGS_DEVTOOLS=1 in the environment
1700663196071	Marionette	INFO	Marionette enabled
Dynamically enable window occlusion 0
1700663196169	Marionette	INFO	Listening on port 56722
WebDriver BiDi listening on ws://127.0.0.1:56715
Read port: 56722
1700663196437	RemoteAgent	WARN	TLS certificate errors will be ignored for this session
DevTools listening on ws://127.0.0.1:56715/devtools/browser/6d1c44d5-6f23-46e4-b812-12c30b423722
console.warn: LoginRecipes: "Falling back to a synchronous message for: https://meumb.mercantil.com.br."
console.warn: LoginRecipes: "Falling back to a synchronous message for: https://meumb.mercantil.com.br."
1700663227759	addons.xpi	ERROR	System addon update list error SyntaxError: XMLHttpRequest.open: 'http://%(server)s/dummy-system-addons.xml' is not a valid URL.
96286	Marionette	INFO	Stopped listening on port 56655
Dynamically enable window occlusion 1
